This file contains any messages produced by compilers while
running configure, to aid debugging if configure makes a mistake.

It was created by configure, which was
generated by GNU Autoconf 2.61.  Invocation command line was

  $ ./configure 

## --------- ##
## Platform. ##
## --------- ##

hostname = gingavm.telemidia.puc-rio.br
uname -m = i686
uname -r = 2.6.23-GingaVM-0.9.25
uname -s = Linux
uname -v = #12 Thu Nov 15 16:39:47 EST 2007

/usr/bin/uname -p = unknown
/bin/uname -X     = unknown

/bin/arch              = i686
/usr/bin/arch -k       = unknown
/usr/convex/getsysinfo = unknown
/usr/bin/hostinfo      = unknown
/bin/machine           = unknown
/usr/bin/oslevel       = unknown
/bin/universe          = unknown

PATH: /usr/kerberos/sbin
PATH: /usr/kerberos/bin
PATH: /usr/local/sbin
PATH: /usr/local/bin
PATH: /sbin
PATH: /bin
PATH: /usr/sbin
PATH: /usr/bin
PATH: /root/bin


## ----------- ##
## Core tests. ##
## ----------- ##

configure:1978: checking for a BSD-compatible install
configure:2034: result: /usr/bin/install -c
configure:2045: checking whether build environment is sane
configure:2088: result: yes
configure:2116: checking for a thread-safe mkdir -p
configure:2155: result: /bin/mkdir -p
configure:2168: checking for gawk
configure:2184: found /bin/gawk
configure:2195: result: gawk
configure:2206: checking whether make sets $(MAKE)
configure:2227: result: yes
configure:2480: checking for g++
configure:2496: found /usr/bin/g++
configure:2507: result: g++
configure:2538: checking for C++ compiler version
configure:2545: g++ --version >&5
g++ (GCC) 4.1.2 20070925 (Red Hat 4.1.2-27)
Copyright (C) 2006 Free Software Foundation, Inc.
This is free software; see the source for copying conditions.  There is NO
warranty; not even for MERCHANTABILITY or FITNESS FOR A PARTICULAR PURPOSE.

configure:2548: $? = 0
configure:2555: g++ -v >&5
Using built-in specs.
Target: i386-redhat-linux
Configured with: ../configure --prefix=/usr --mandir=/usr/share/man --infodir=/usr/share/info --enable-shared --enable-threads=posix --enable-checking=release --with-system-zlib --enable-__cxa_atexit --disable-libunwind-exceptions --enable-languages=c,c++,objc,obj-c++,java,fortran,ada --enable-java-awt=gtk --disable-dssi --enable-plugin --with-java-home=/usr/lib/jvm/java-1.5.0-gcj-1.5.0.0/jre --enable-libgcj-multifile --enable-java-maintainer-mode --with-ecj-jar=/usr/share/java/eclipse-ecj.jar --with-cpu=generic --host=i386-redhat-linux
Thread model: posix
gcc version 4.1.2 20070925 (Red Hat 4.1.2-27)
configure:2558: $? = 0
configure:2565: g++ -V >&5
g++: '-V' option must have argument
configure:2568: $? = 1
configure:2591: checking for C++ compiler default output file name
configure:2618: g++    conftest.cpp  >&5
configure:2621: $? = 0
configure:2659: result: a.out
configure:2676: checking whether the C++ compiler works
configure:2686: ./a.out
configure:2689: $? = 0
configure:2706: result: yes
configure:2713: checking whether we are cross compiling
configure:2715: result: no
configure:2718: checking for suffix of executables
configure:2725: g++ -o conftest    conftest.cpp  >&5
configure:2728: $? = 0
configure:2752: result: 
configure:2758: checking for suffix of object files
configure:2784: g++ -c   conftest.cpp >&5
configure:2787: $? = 0
configure:2810: result: o
configure:2814: checking whether we are using the GNU C++ compiler
configure:2843: g++ -c   conftest.cpp >&5
configure:2849: $? = 0
configure:2866: result: yes
configure:2871: checking whether g++ accepts -g
configure:2901: g++ -c -g  conftest.cpp >&5
configure:2907: $? = 0
configure:3006: result: yes
configure:3040: checking for style of include used by make
configure:3068: result: GNU
configure:3093: checking dependency style of g++
configure:3184: result: gcc3
configure:3277: checking build system type
configure:3295: result: i686-pc-linux-gnu
configure:3317: checking host system type
configure:3332: result: i686-pc-linux-gnu
configure:3402: checking for gcc
configure:3418: found /usr/bin/gcc
configure:3429: result: gcc
configure:3667: checking for C compiler version
configure:3674: gcc --version >&5
gcc (GCC) 4.1.2 20070925 (Red Hat 4.1.2-27)
Copyright (C) 2006 Free Software Foundation, Inc.
This is free software; see the source for copying conditions.  There is NO
warranty; not even for MERCHANTABILITY or FITNESS FOR A PARTICULAR PURPOSE.

configure:3677: $? = 0
configure:3684: gcc -v >&5
Using built-in specs.
Target: i386-redhat-linux
Configured with: ../configure --prefix=/usr --mandir=/usr/share/man --infodir=/usr/share/info --enable-shared --enable-threads=posix --enable-checking=release --with-system-zlib --enable-__cxa_atexit --disable-libunwind-exceptions --enable-languages=c,c++,objc,obj-c++,java,fortran,ada --enable-java-awt=gtk --disable-dssi --enable-plugin --with-java-home=/usr/lib/jvm/java-1.5.0-gcj-1.5.0.0/jre --enable-libgcj-multifile --enable-java-maintainer-mode --with-ecj-jar=/usr/share/java/eclipse-ecj.jar --with-cpu=generic --host=i386-redhat-linux
Thread model: posix
gcc version 4.1.2 20070925 (Red Hat 4.1.2-27)
configure:3687: $? = 0
configure:3694: gcc -V >&5
gcc: '-V' option must have argument
configure:3697: $? = 1
configure:3700: checking whether we are using the GNU C compiler
configure:3729: gcc -c   conftest.c >&5
configure:3735: $? = 0
configure:3752: result: yes
configure:3757: checking whether gcc accepts -g
configure:3787: gcc -c -g  conftest.c >&5
configure:3793: $? = 0
configure:3892: result: yes
configure:3909: checking for gcc option to accept ISO C89
configure:3983: gcc  -c -g -O2  conftest.c >&5
configure:3989: $? = 0
configure:4012: result: none needed
configure:4032: checking dependency style of gcc
configure:4123: result: gcc3
configure:4138: checking for a sed that does not truncate output
configure:4194: result: /bin/sed
configure:4197: checking for grep that handles long lines and -e
configure:4271: result: /bin/grep
configure:4276: checking for egrep
configure:4354: result: /bin/grep -E
configure:4370: checking for ld used by gcc
configure:4437: result: /usr/bin/ld
configure:4446: checking if the linker (/usr/bin/ld) is GNU ld
configure:4461: result: yes
configure:4466: checking for /usr/bin/ld option to reload object files
configure:4473: result: -r
configure:4491: checking for BSD-compatible nm
configure:4540: result: /usr/bin/nm -B
configure:4544: checking whether ln -s works
configure:4548: result: yes
configure:4555: checking how to recognise dependent libraries
configure:4731: result: pass_all
configure:4965: checking how to run the C preprocessor
configure:5005: gcc -E  conftest.c
configure:5011: $? = 0
configure:5042: gcc -E  conftest.c
conftest.c:10:28: error: ac_nonexistent.h: No such file or directory
configure:5048: $? = 1
configure: failed program was:
| /* confdefs.h.  */
| #define PACKAGE_NAME ""
| #define PACKAGE_TARNAME ""
| #define PACKAGE_VERSION ""
| #define PACKAGE_STRING ""
| #define PACKAGE_BUGREPORT ""
| #define PACKAGE "gingancl"
| #define VERSION "0.11.2"
| /* end confdefs.h.  */
| #include <ac_nonexistent.h>
configure:5081: result: gcc -E
configure:5110: gcc -E  conftest.c
configure:5116: $? = 0
configure:5147: gcc -E  conftest.c
conftest.c:10:28: error: ac_nonexistent.h: No such file or directory
configure:5153: $? = 1
configure: failed program was:
| /* confdefs.h.  */
| #define PACKAGE_NAME ""
| #define PACKAGE_TARNAME ""
| #define PACKAGE_VERSION ""
| #define PACKAGE_STRING ""
| #define PACKAGE_BUGREPORT ""
| #define PACKAGE "gingancl"
| #define VERSION "0.11.2"
| /* end confdefs.h.  */
| #include <ac_nonexistent.h>
configure:5191: checking for ANSI C header files
configure:5221: gcc -c -g -O2  conftest.c >&5
configure:5227: $? = 0
configure:5326: gcc -o conftest -g -O2   conftest.c  >&5
configure:5329: $? = 0
configure:5335: ./conftest
configure:5338: $? = 0
configure:5355: result: yes
configure:5379: checking for sys/types.h
configure:5400: gcc -c -g -O2  conftest.c >&5
configure:5406: $? = 0
configure:5422: result: yes
configure:5379: checking for sys/stat.h
configure:5400: gcc -c -g -O2  conftest.c >&5
configure:5406: $? = 0
configure:5422: result: yes
configure:5379: checking for stdlib.h
configure:5400: gcc -c -g -O2  conftest.c >&5
configure:5406: $? = 0
configure:5422: result: yes
configure:5379: checking for string.h
configure:5400: gcc -c -g -O2  conftest.c >&5
configure:5406: $? = 0
configure:5422: result: yes
configure:5379: checking for memory.h
configure:5400: gcc -c -g -O2  conftest.c >&5
configure:5406: $? = 0
configure:5422: result: yes
configure:5379: checking for strings.h
configure:5400: gcc -c -g -O2  conftest.c >&5
configure:5406: $? = 0
configure:5422: result: yes
configure:5379: checking for inttypes.h
configure:5400: gcc -c -g -O2  conftest.c >&5
configure:5406: $? = 0
configure:5422: result: yes
configure:5379: checking for stdint.h
configure:5400: gcc -c -g -O2  conftest.c >&5
configure:5406: $? = 0
configure:5422: result: yes
configure:5379: checking for unistd.h
configure:5400: gcc -c -g -O2  conftest.c >&5
configure:5406: $? = 0
configure:5422: result: yes
configure:5449: checking dlfcn.h usability
configure:5466: gcc -c -g -O2  conftest.c >&5
configure:5472: $? = 0
configure:5486: result: yes
configure:5490: checking dlfcn.h presence
configure:5505: gcc -E  conftest.c
configure:5511: $? = 0
configure:5525: result: yes
configure:5553: checking for dlfcn.h
configure:5561: result: yes
configure:5584: checking how to run the C++ preprocessor
configure:5620: g++ -E  conftest.cpp
configure:5626: $? = 0
configure:5657: g++ -E  conftest.cpp
conftest.cpp:21:28: error: ac_nonexistent.h: No such file or directory
configure:5663: $? = 1
configure: failed program was:
| /* confdefs.h.  */
| #define PACKAGE_NAME ""
| #define PACKAGE_TARNAME ""
| #define PACKAGE_VERSION ""
| #define PACKAGE_STRING ""
| #define PACKAGE_BUGREPORT ""
| #define PACKAGE "gingancl"
| #define VERSION "0.11.2"
| #define STDC_HEADERS 1
| #define HAVE_SYS_TYPES_H 1
| #define HAVE_SYS_STAT_H 1
| #define HAVE_STDLIB_H 1
| #define HAVE_STRING_H 1
| #define HAVE_MEMORY_H 1
| #define HAVE_STRINGS_H 1
| #define HAVE_INTTYPES_H 1
| #define HAVE_STDINT_H 1
| #define HAVE_UNISTD_H 1
| #define HAVE_DLFCN_H 1
| /* end confdefs.h.  */
| #include <ac_nonexistent.h>
configure:5696: result: g++ -E
configure:5725: g++ -E  conftest.cpp
configure:5731: $? = 0
configure:5762: g++ -E  conftest.cpp
conftest.cpp:21:28: error: ac_nonexistent.h: No such file or directory
configure:5768: $? = 1
configure: failed program was:
| /* confdefs.h.  */
| #define PACKAGE_NAME ""
| #define PACKAGE_TARNAME ""
| #define PACKAGE_VERSION ""
| #define PACKAGE_STRING ""
| #define PACKAGE_BUGREPORT ""
| #define PACKAGE "gingancl"
| #define VERSION "0.11.2"
| #define STDC_HEADERS 1
| #define HAVE_SYS_TYPES_H 1
| #define HAVE_SYS_STAT_H 1
| #define HAVE_STDLIB_H 1
| #define HAVE_STRING_H 1
| #define HAVE_MEMORY_H 1
| #define HAVE_STRINGS_H 1
| #define HAVE_INTTYPES_H 1
| #define HAVE_STDINT_H 1
| #define HAVE_UNISTD_H 1
| #define HAVE_DLFCN_H 1
| /* end confdefs.h.  */
| #include <ac_nonexistent.h>
configure:5861: checking for g77
configure:5891: result: no
configure:5861: checking for xlf
configure:5891: result: no
configure:5861: checking for f77
configure:5891: result: no
configure:5861: checking for frt
configure:5891: result: no
configure:5861: checking for pgf77
configure:5891: result: no
configure:5861: checking for cf77
configure:5891: result: no
configure:5861: checking for fort77
configure:5891: result: no
configure:5861: checking for fl32
configure:5891: result: no
configure:5861: checking for af77
configure:5891: result: no
configure:5861: checking for xlf90
configure:5891: result: no
configure:5861: checking for f90
configure:5891: result: no
configure:5861: checking for pgf90
configure:5891: result: no
configure:5861: checking for pghpf
configure:5891: result: no
configure:5861: checking for epcf90
configure:5891: result: no
configure:5861: checking for gfortran
configure:5891: result: no
configure:5861: checking for g95
configure:5891: result: no
configure:5861: checking for xlf95
configure:5891: result: no
configure:5861: checking for f95
configure:5891: result: no
configure:5861: checking for fort
configure:5891: result: no
configure:5861: checking for ifort
configure:5891: result: no
configure:5861: checking for ifc
configure:5891: result: no
configure:5861: checking for efc
configure:5891: result: no
configure:5861: checking for pgf95
configure:5891: result: no
configure:5861: checking for lf95
configure:5891: result: no
configure:5861: checking for ftn
configure:5891: result: no
configure:5918: checking for Fortran 77 compiler version
configure:5925:  --version >&5
./configure: line 5926: --version: command not found
configure:5928: $? = 127
configure:5935:  -v >&5
./configure: line 5936: -v: command not found
configure:5938: $? = 127
configure:5945:  -V >&5
./configure: line 5946: -V: command not found
configure:5948: $? = 127
configure:5956: checking whether we are using the GNU Fortran 77 compiler
configure:5975:  -c  conftest.F >&5
./configure: line 5976: -c: command not found
configure:5981: $? = 127
configure: failed program was:
|       program main
| #ifndef __GNUC__
|        choke me
| #endif
| 
|       end
configure:5998: result: no
configure:6004: checking whether  accepts -g
configure:6021:  -c -g conftest.f >&5
./configure: line 6022: -c: command not found
configure:6027: $? = 127
configure: failed program was:
|       program main
| 
|       end
configure:6043: result: no
configure:6073: checking the maximum length of command line arguments
configure:6182: result: 32768
configure:6193: checking command to parse /usr/bin/nm -B output from gcc object
configure:6298: g++ -c -g -O2  conftest.cpp >&5
configure:6301: $? = 0
configure:6305: /usr/bin/nm -B conftest.o \| sed -n -e 's/^.*[ 	]\([ABCDGIRSTW][ABCDGIRSTW]*\)[ 	][ 	]*\([_A-Za-z][_A-Za-z0-9]*\)$/\1 \2 \2/p' \> conftest.nm
configure:6308: $? = 0
configure:6360: g++ -o conftest -g -O2   conftest.cpp conftstm.o >&5
configure:6363: $? = 0
configure:6401: result: ok
configure:6405: checking for objdir
configure:6420: result: .libs
configure:6512: checking for ar
configure:6528: found /usr/bin/ar
configure:6539: result: ar
configure:6608: checking for ranlib
configure:6624: found /usr/bin/ranlib
configure:6635: result: ranlib
configure:6704: checking for strip
configure:6720: found /usr/bin/strip
configure:6731: result: strip
configure:7017: checking if gcc supports -fno-rtti -fno-exceptions
configure:7035: gcc -c -g -O2  -fno-rtti -fno-exceptions conftest.c >&5
cc1: warning: command line option "-fno-rtti" is valid for C++/ObjC++ but not for C
configure:7039: $? = 0
configure:7052: result: no
configure:7067: checking for gcc option to produce PIC
configure:7277: result: -fPIC
configure:7285: checking if gcc PIC flag -fPIC works
configure:7303: gcc -c -g -O2  -fPIC -DPIC conftest.c >&5
configure:7307: $? = 0
configure:7320: result: yes
configure:7348: checking if gcc static flag -static works
configure:7376: result: yes
configure:7386: checking if gcc supports -c -o file.o
configure:7407: gcc -c -g -O2  -o out/conftest2.o conftest.c >&5
configure:7411: $? = 0
configure:7433: result: yes
configure:7459: checking whether the gcc linker (/usr/bin/ld) supports shared libraries
configure:8413: result: yes
configure:8434: checking whether -lc should be explicitly linked in
configure:8439: gcc -c -g -O2  conftest.c >&5
configure:8442: $? = 0
configure:8457: gcc -shared conftest.o  -v -Wl,-soname -Wl,conftest -o conftest 2\>\&1 \| grep  -lc  \>/dev/null 2\>\&1
configure:8460: $? = 0
configure:8472: result: no
configure:8480: checking dynamic linker characteristics
configure:9089: result: GNU/Linux ld.so
configure:9098: checking how to hardcode library paths into programs
configure:9123: result: immediate
configure:9137: checking whether stripping libraries is possible
configure:9142: result: yes
configure:9943: checking if libtool supports shared libraries
configure:9945: result: yes
configure:9948: checking whether to build shared libraries
configure:9969: result: yes
configure:9972: checking whether to build static libraries
configure:9976: result: yes
configure:10068: creating libtool
configure:10656: checking for ld used by g++
configure:10723: result: /usr/bin/ld
configure:10732: checking if the linker (/usr/bin/ld) is GNU ld
configure:10747: result: yes
configure:10798: checking whether the g++ linker (/usr/bin/ld) supports shared libraries
configure:11732: result: yes
configure:11750: g++ -c -g -O2  conftest.cpp >&5
configure:11753: $? = 0
configure:11872: checking for g++ option to produce PIC
configure:12146: result: -fPIC
configure:12154: checking if g++ PIC flag -fPIC works
configure:12172: g++ -c -g -O2  -fPIC -DPIC conftest.cpp >&5
configure:12176: $? = 0
configure:12189: result: yes
configure:12217: checking if g++ static flag -static works
configure:12245: result: yes
configure:12255: checking if g++ supports -c -o file.o
configure:12276: g++ -c -g -O2  -o out/conftest2.o conftest.cpp >&5
configure:12280: $? = 0
configure:12302: result: yes
configure:12328: checking whether the g++ linker (/usr/bin/ld) supports shared libraries
configure:12353: result: yes
configure:12420: checking dynamic linker characteristics
configure:13029: result: GNU/Linux ld.so
configure:13038: checking how to hardcode library paths into programs
configure:13063: result: immediate
configure:19281: checking util/functions.h usability
configure:19298: g++ -c -fPIC -g -O2 -I/usr/local/include/ginga/ -I/usr/local/include/ -I/usr/include/  conftest.cpp >&5
configure:19304: $? = 0
configure:19318: result: yes
configure:19322: checking util/functions.h presence
configure:19337: g++ -E -I/usr/local/include/ginga/ -I/usr/local/include/ -I/usr/include/  conftest.cpp
configure:19343: $? = 0
configure:19357: result: yes
configure:19385: checking for util/functions.h
configure:19392: result: yes
configure:19429: checking ncl/Entity.h usability
configure:19446: g++ -c -fPIC -g -O2 -I/usr/local/include/ginga/ -I/usr/local/include/ -I/usr/include/  conftest.cpp >&5
configure:19452: $? = 0
configure:19466: result: yes
configure:19470: checking ncl/Entity.h presence
configure:19485: g++ -E -I/usr/local/include/ginga/ -I/usr/local/include/ -I/usr/include/  conftest.cpp
configure:19491: $? = 0
configure:19505: result: yes
configure:19533: checking for ncl/Entity.h
configure:19540: result: yes
configure:19589: checking contextmanager/IContextManager.h usability
configure:19606: g++ -c -fPIC -g -O2 -I/usr/local/include/ginga/ -I/usr/local/include/ -I/usr/include/  conftest.cpp >&5
configure:19612: $? = 0
configure:19626: result: yes
configure:19630: checking contextmanager/IContextManager.h presence
configure:19645: g++ -E -I/usr/local/include/ginga/ -I/usr/local/include/ -I/usr/include/  conftest.cpp
configure:19651: $? = 0
configure:19665: result: yes
configure:19693: checking for contextmanager/IContextManager.h
configure:19700: result: yes
configure:19737: checking multidevice/IRemoteDeviceManager.h usability
configure:19754: g++ -c -fPIC -g -O2 -I/usr/local/include/ginga/ -I/usr/local/include/ -I/usr/include/  conftest.cpp >&5
configure:19760: $? = 0
configure:19774: result: yes
configure:19778: checking multidevice/IRemoteDeviceManager.h presence
configure:19793: g++ -E -I/usr/local/include/ginga/ -I/usr/local/include/ -I/usr/include/  conftest.cpp
configure:19799: $? = 0
configure:19813: result: yes
configure:19841: checking for multidevice/IRemoteDeviceManager.h
configure:19848: result: yes
configure:19885: checking system/thread/Thread.h usability
configure:19902: g++ -c -fPIC -g -O2 -I/usr/local/include/ginga/ -I/usr/local/include/ -I/usr/include/  conftest.cpp >&5
configure:19908: $? = 0
configure:19922: result: yes
configure:19926: checking system/thread/Thread.h presence
configure:19941: g++ -E -I/usr/local/include/ginga/ -I/usr/local/include/ -I/usr/include/  conftest.cpp
configure:19947: $? = 0
configure:19961: result: yes
configure:19989: checking for system/thread/Thread.h
configure:19996: result: yes
configure:20033: checking ic/IInteractiveChannelListener.h usability
configure:20050: g++ -c -fPIC -g -O2 -I/usr/local/include/ginga/ -I/usr/local/include/ -I/usr/include/  conftest.cpp >&5
configure:20056: $? = 0
configure:20070: result: yes
configure:20074: checking ic/IInteractiveChannelListener.h presence
configure:20089: g++ -E -I/usr/local/include/ginga/ -I/usr/local/include/ -I/usr/include/  conftest.cpp
configure:20095: $? = 0
configure:20109: result: yes
configure:20137: checking for ic/IInteractiveChannelListener.h
configure:20144: result: yes
configure:20181: checking player/IPlayerListener.h usability
configure:20198: g++ -c -fPIC -g -O2 -I/usr/local/include/ginga/ -I/usr/local/include/ -I/usr/include/  conftest.cpp >&5
configure:20204: $? = 0
configure:20218: result: yes
configure:20222: checking player/IPlayerListener.h presence
configure:20237: g++ -E -I/usr/local/include/ginga/ -I/usr/local/include/ -I/usr/include/  conftest.cpp
configure:20243: $? = 0
configure:20257: result: yes
configure:20285: checking for player/IPlayerListener.h
configure:20292: result: yes
configure:20325: checking for main in -ltelemidiautil
configure:20354: g++ -o conftest -fPIC -g -O2 -I/usr/local/include/ginga/ -I/usr/local/include/ -I/usr/include/  -L/usr/local/lib/ginga/iocontents -L/usr/local/lib/ginga/ -L/usr/local/lib/ -L/usr/lib/  conftest.cpp -ltelemidiautil   >&5
configure:20360: $? = 0
configure:20378: result: yes
configure:20409: checking for main in -lncl30
configure:20438: g++ -o conftest -fPIC -g -O2 -I/usr/local/include/ginga/ -I/usr/local/include/ -I/usr/include/  -L/usr/local/lib/ginga/iocontents -L/usr/local/lib/ginga/ -L/usr/local/lib/ -L/usr/lib/  conftest.cpp -lncl30  -ltelemidiautil  >&5
configure:20444: $? = 0
configure:20462: result: yes
configure:20493: checking for main in -lgingaccsystemthread
configure:20522: g++ -o conftest -fPIC -g -O2 -I/usr/local/include/ginga/ -I/usr/local/include/ -I/usr/include/  -L/usr/local/lib/ginga/iocontents -L/usr/local/lib/ginga/ -L/usr/local/lib/ -L/usr/lib/  conftest.cpp -lgingaccsystemthread  -lncl30 -ltelemidiautil  >&5
configure:20528: $? = 0
configure:20546: result: yes
configure:20577: checking for main in -lgingaccplayer
configure:20606: g++ -o conftest -fPIC -g -O2 -I/usr/local/include/ginga/ -I/usr/local/include/ -I/usr/include/  -L/usr/local/lib/ginga/iocontents -L/usr/local/lib/ginga/ -L/usr/local/lib/ -L/usr/lib/  conftest.cpp -lgingaccplayer  -lgingaccsystemthread -lncl30 -ltelemidiautil  >&5
configure:20612: $? = 0
configure:20630: result: yes
configure:20879: result: *** Component support will be built.
configure:21032: creating ./config.status

## ---------------------- ##
## Running config.status. ##
## ---------------------- ##

This file was extended by config.status, which was
generated by GNU Autoconf 2.61.  Invocation command line was

  CONFIG_FILES    = 
  CONFIG_HEADERS  = 
  CONFIG_LINKS    = 
  CONFIG_COMMANDS = 
  $ ./config.status 

on gingavm.telemidia.puc-rio.br

config.status:692: creating Makefile
config.status:692: creating files/Makefile
config.status:692: creating include/model/Makefile
config.status:692: creating include/prefetch/Makefile
config.status:692: creating include/adapters/Makefile
config.status:692: creating include/multidevice/Makefile
config.status:692: creating include/Makefile
config.status:692: creating src/model/Makefile
config.status:692: creating src/adaptation/Makefile
config.status:692: creating src/emconverter/Makefile
config.status:692: creating src/adapters/Makefile
config.status:692: creating src/adapters/av/Makefile
config.status:692: creating src/adapters/image/Makefile
config.status:692: creating src/adapters/text/Makefile
config.status:692: creating src/adapters/application/Makefile
config.status:692: creating src/adapters/application/declarative/ncl/Makefile
config.status:692: creating src/adapters/application/declarative/xhtml/Makefile
config.status:692: creating src/adapters/application/imperative/lua/Makefile
config.status:692: creating src/multidevice/Makefile
config.status:692: creating src/focus/Makefile
config.status:692: creating src/gfx/Makefile
config.status:692: creating src/prefetch/Makefile
config.status:692: creating src/Makefile
config.status:692: creating test/Makefile
config.status:692: creating config.h
config.status:970: executing depfiles commands
configure:22340: result:
Build options:
  Module directory                    
  Ginga CC Player With NCLET Support  no


## ---------------- ##
## Cache variables. ##
## ---------------- ##

ac_cv_build=i686-pc-linux-gnu
ac_cv_c_compiler_gnu=yes
ac_cv_cxx_compiler_gnu=yes
ac_cv_env_CCC_set=
ac_cv_env_CCC_value=
ac_cv_env_CC_set=
ac_cv_env_CC_value=
ac_cv_env_CFLAGS_set=
ac_cv_env_CFLAGS_value=
ac_cv_env_CPPFLAGS_set=
ac_cv_env_CPPFLAGS_value=
ac_cv_env_CPP_set=
ac_cv_env_CPP_value=
ac_cv_env_CXXCPP_set=
ac_cv_env_CXXCPP_value=
ac_cv_env_CXXFLAGS_set=
ac_cv_env_CXXFLAGS_value=
ac_cv_env_CXX_set=
ac_cv_env_CXX_value=
ac_cv_env_F77_set=
ac_cv_env_F77_value=
ac_cv_env_FFLAGS_set=
ac_cv_env_FFLAGS_value=
ac_cv_env_LDFLAGS_set=
ac_cv_env_LDFLAGS_value=
ac_cv_env_LIBS_set=
ac_cv_env_LIBS_value=
ac_cv_env_build_alias_set=
ac_cv_env_build_alias_value=
ac_cv_env_host_alias_set=
ac_cv_env_host_alias_value=
ac_cv_env_target_alias_set=
ac_cv_env_target_alias_value=
ac_cv_f77_compiler_gnu=no
ac_cv_header_contextmanager_IContextManager_h=yes
ac_cv_header_dlfcn_h=yes
ac_cv_header_ic_IInteractiveChannelListener_h=yes
ac_cv_header_inttypes_h=yes
ac_cv_header_memory_h=yes
ac_cv_header_multidevice_IRemoteDeviceManager_h=yes
ac_cv_header_ncl_Entity_h=yes
ac_cv_header_player_IPlayerListener_h=yes
ac_cv_header_stdc=yes
ac_cv_header_stdint_h=yes
ac_cv_header_stdlib_h=yes
ac_cv_header_string_h=yes
ac_cv_header_strings_h=yes
ac_cv_header_sys_stat_h=yes
ac_cv_header_sys_types_h=yes
ac_cv_header_system_thread_Thread_h=yes
ac_cv_header_unistd_h=yes
ac_cv_header_util_functions_h=yes
ac_cv_host=i686-pc-linux-gnu
ac_cv_lib_gingaccplayer=ac_cv_lib_gingaccplayer_main
ac_cv_lib_gingaccplayer_main=yes
ac_cv_lib_gingaccsystemthread=ac_cv_lib_gingaccsystemthread_main
ac_cv_lib_gingaccsystemthread_main=yes
ac_cv_lib_ncl30=ac_cv_lib_ncl30_main
ac_cv_lib_ncl30_main=yes
ac_cv_lib_telemidiautil=ac_cv_lib_telemidiautil_main
ac_cv_lib_telemidiautil_main=yes
ac_cv_objext=o
ac_cv_path_EGREP='/bin/grep -E'
ac_cv_path_GREP=/bin/grep
ac_cv_path_install='/usr/bin/install -c'
ac_cv_path_mkdir=/bin/mkdir
ac_cv_prog_AWK=gawk
ac_cv_prog_CPP='gcc -E'
ac_cv_prog_CXXCPP='g++ -E'
ac_cv_prog_ac_ct_AR=ar
ac_cv_prog_ac_ct_CC=gcc
ac_cv_prog_ac_ct_CXX=g++
ac_cv_prog_ac_ct_RANLIB=ranlib
ac_cv_prog_ac_ct_STRIP=strip
ac_cv_prog_cc_c89=
ac_cv_prog_cc_g=yes
ac_cv_prog_cxx_g=yes
ac_cv_prog_f77_g=no
ac_cv_prog_make_make_set=yes
am_cv_CC_dependencies_compiler_type=gcc3
am_cv_CXX_dependencies_compiler_type=gcc3
lt_cv_deplibs_check_method=pass_all
lt_cv_file_magic_cmd='$MAGIC_CMD'
lt_cv_file_magic_test_file=
lt_cv_ld_reload_flag=-r
lt_cv_objdir=.libs
lt_cv_path_LD=/usr/bin/ld
lt_cv_path_LDCXX=/usr/bin/ld
lt_cv_path_NM='/usr/bin/nm -B'
lt_cv_path_SED=/bin/sed
lt_cv_prog_compiler_c_o=yes
lt_cv_prog_compiler_c_o_CXX=yes
lt_cv_prog_compiler_rtti_exceptions=no
lt_cv_prog_gnu_ld=yes
lt_cv_prog_gnu_ldcxx=yes
lt_cv_sys_global_symbol_pipe='sed -n -e '\''s/^.*[ 	]\([ABCDGIRSTW][ABCDGIRSTW]*\)[ 	][ 	]*\([_A-Za-z][_A-Za-z0-9]*\)$/\1 \2 \2/p'\'''
lt_cv_sys_global_symbol_to_c_name_address='sed -n -e '\''s/^: \([^ ]*\) $/  {\"\1\", (lt_ptr) 0},/p'\'' -e '\''s/^[BCDEGRST] \([^ ]*\) \([^ ]*\)$/  {"\2", (lt_ptr) \&\2},/p'\'''
lt_cv_sys_global_symbol_to_cdecl='sed -n -e '\''s/^. .* \(.*\)$/extern int \1;/p'\'''
lt_cv_sys_max_cmd_len=32768
lt_lt_cv_prog_compiler_c_o='"yes"'
lt_lt_cv_prog_compiler_c_o_CXX='"yes"'
lt_lt_cv_sys_global_symbol_pipe='"sed -n -e '\''s/^.*[ 	]\\([ABCDGIRSTW][ABCDGIRSTW]*\\)[ 	][ 	]*\\([_A-Za-z][_A-Za-z0-9]*\\)\$/\\1 \\2 \\2/p'\''"'
lt_lt_cv_sys_global_symbol_to_c_name_address='"sed -n -e '\''s/^: \\([^ ]*\\) \$/  {\\\"\\1\\\", (lt_ptr) 0},/p'\'' -e '\''s/^[BCDEGRST] \\([^ ]*\\) \\([^ ]*\\)\$/  {\"\\2\", (lt_ptr) \\&\\2},/p'\''"'
lt_lt_cv_sys_global_symbol_to_cdecl='"sed -n -e '\''s/^. .* \\(.*\\)\$/extern int \\1;/p'\''"'

## ----------------- ##
## Output variables. ##
## ----------------- ##

ACLOCAL='${SHELL} /usr/src/gingaNcl/gingancl-cpp/missing --run aclocal-1.10'
AMDEPBACKSLASH='\'
AMDEP_FALSE='#'
AMDEP_TRUE=''
AMTAR='${SHELL} /usr/src/gingaNcl/gingancl-cpp/missing --run tar'
AR='ar'
AUTOCONF='${SHELL} /usr/src/gingaNcl/gingancl-cpp/missing --run autoconf'
AUTOHEADER='${SHELL} /usr/src/gingaNcl/gingancl-cpp/missing --run autoheader'
AUTOMAKE='${SHELL} /usr/src/gingaNcl/gingancl-cpp/missing --run automake-1.10'
AWK='gawk'
CC='gcc'
CCDEPMODE='depmode=gcc3'
CFLAGS='-fPIC -g -O2'
COMPONENTS_FALSE=''
COMPONENTS_INCS='-I/usr/local/include/ginga'
COMPONENTS_LIBS='-ldl -L/usr/local/lib/ -L/usr/local/lib/ginga/'
COMPONENTS_TRUE='#'
CPP='gcc -E'
CPPFLAGS='-I/usr/local/include/ginga/ -I/usr/local/include/ -I/usr/include/ '
CXX='g++'
CXXCPP='g++ -E'
CXXDEPMODE='depmode=gcc3'
CXXFLAGS='-fPIC -g -O2'
CYGPATH_W='echo'
DEFS='-DHAVE_CONFIG_H'
DEPDIR='.deps'
ECHO='echo'
ECHO_C=''
ECHO_N='-n'
ECHO_T=''
EGREP='/bin/grep -E'
EXEEXT=''
F77=''
FFLAGS=''
GREP='/bin/grep'
INSTALL_DATA='${INSTALL} -m 644'
INSTALL_PROGRAM='${INSTALL}'
INSTALL_SCRIPT='${INSTALL}'
INSTALL_STRIP_PROGRAM='$(install_sh) -c -s'
LDFLAGS='-L/usr/local/lib/ginga/iocontents -L/usr/local/lib/ginga/ -L/usr/local/lib/ -L/usr/lib/ '
LIBOBJS=''
LIBS='-lgingaccplayer -lgingaccsystemthread -lncl30 -ltelemidiautil '
LIBTOOL='$(SHELL) $(top_builddir)/libtool'
LN_S='ln -s'
LTLIBOBJS=''
MAKEINFO='${SHELL} /usr/src/gingaNcl/gingancl-cpp/missing --run makeinfo'
NCLET_FALSE=''
NCLET_LIBS=''
NCLET_TRUE='#'
OBJEXT='o'
PACKAGE='gingancl'
PACKAGE_BUGREPORT=''
PACKAGE_NAME=''
PACKAGE_STRING=''
PACKAGE_TARNAME=''
PACKAGE_VERSION=''
PATH_SEPARATOR=':'
RANLIB='ranlib'
SED='/bin/sed'
SET_MAKE=''
SHELL='/bin/sh'
STRIP='strip'
VERSION='0.11.2'
ac_ct_CC='gcc'
ac_ct_CXX='g++'
ac_ct_F77=''
am__fastdepCC_FALSE='#'
am__fastdepCC_TRUE=''
am__fastdepCXX_FALSE='#'
am__fastdepCXX_TRUE=''
am__include='include'
am__isrc=''
am__leading_dot='.'
am__quote=''
am__tar='${AMTAR} chof - "$$tardir"'
am__untar='${AMTAR} xf -'
bindir='${exec_prefix}/bin'
build='i686-pc-linux-gnu'
build_alias=''
build_cpu='i686'
build_os='linux-gnu'
build_vendor='pc'
datadir='${datarootdir}'
datarootdir='${prefix}/share'
docdir='${datarootdir}/doc/${PACKAGE}'
dvidir='${docdir}'
exec_prefix='${prefix}'
host='i686-pc-linux-gnu'
host_alias=''
host_cpu='i686'
host_os='linux-gnu'
host_vendor='pc'
htmldir='${docdir}'
includedir='${prefix}/include'
infodir='${datarootdir}/info'
install_sh='$(SHELL) /usr/src/gingaNcl/gingancl-cpp/install-sh'
libdir='${exec_prefix}/lib'
libexecdir='${exec_prefix}/libexec'
localedir='${datarootdir}/locale'
localstatedir='${prefix}/var'
mandir='${datarootdir}/man'
mkdir_p='/bin/mkdir -p'
oldincludedir='/usr/include'
pdfdir='${docdir}'
prefix='/usr/local'
program_transform_name='s,x,x,'
psdir='${docdir}'
sbindir='${exec_prefix}/sbin'
sharedstatedir='${prefix}/com'
sysconfdir='${prefix}/etc'
target_alias=''

## ----------- ##
## confdefs.h. ##
## ----------- ##

#define PACKAGE_NAME ""
#define PACKAGE_TARNAME ""
#define PACKAGE_VERSION ""
#define PACKAGE_STRING ""
#define PACKAGE_BUGREPORT ""
#define PACKAGE "gingancl"
#define VERSION "0.11.2"
#define STDC_HEADERS 1
#define HAVE_SYS_TYPES_H 1
#define HAVE_SYS_STAT_H 1
#define HAVE_STDLIB_H 1
#define HAVE_STRING_H 1
#define HAVE_MEMORY_H 1
#define HAVE_STRINGS_H 1
#define HAVE_INTTYPES_H 1
#define HAVE_STDINT_H 1
#define HAVE_UNISTD_H 1
#define HAVE_DLFCN_H 1
#define HAVE_LIBTELEMIDIAUTIL 1
#define HAVE_LIBNCL30 1
#define HAVE_LIBGINGACCSYSTEMTHREAD 1
#define HAVE_LIBGINGACCPLAYER 1
#define HAVE_COMPSUPPORT 1

configure: exit 0

## ---------------------- ##
## Running config.status. ##
## ---------------------- ##

This file was extended by config.status, which was
generated by GNU Autoconf 2.61.  Invocation command line was

  CONFIG_FILES    = 
  CONFIG_HEADERS  = 
  CONFIG_LINKS    = 
  CONFIG_COMMANDS = 
  $ ./config.status src/adapters/Makefile depfiles

on gingavm.telemidia.puc-rio.br

config.status:692: creating src/adapters/Makefile
config.status:970: executing depfiles commands

## ---------------------- ##
## Running config.status. ##
## ---------------------- ##

This file was extended by config.status, which was
generated by GNU Autoconf 2.61.  Invocation command line was

  CONFIG_FILES    = 
  CONFIG_HEADERS  = 
  CONFIG_LINKS    = 
  CONFIG_COMMANDS = 
  $ ./config.status src/Makefile depfiles

on gingavm.telemidia.puc-rio.br

config.status:692: creating src/Makefile
config.status:970: executing depfiles commands

## ---------------------- ##
## Running config.status. ##
## ---------------------- ##

This file was extended by config.status, which was
generated by GNU Autoconf 2.61.  Invocation command line was

  CONFIG_FILES    = 
  CONFIG_HEADERS  = 
  CONFIG_LINKS    = 
  CONFIG_COMMANDS = 
  $ ./config.status src/adaptation/Makefile depfiles

on gingavm.telemidia.puc-rio.br

config.status:692: creating src/adaptation/Makefile
config.status:970: executing depfiles commands
