This file contains any messages produced by compilers while
running configure, to aid debugging if configure makes a mistake.

It was created by configure, which was
generated by GNU Autoconf 2.65.  Invocation command line was

  $ /home/caioviel/workspace/wac-state-cpp/configure 

## --------- ##
## Platform. ##
## --------- ##

hostname = caioviel-desktop
uname -m = i686
uname -r = 2.6.32-25-generic
uname -s = Linux
uname -v = #44-Ubuntu SMP Fri Sep 17 20:26:08 UTC 2010

/usr/bin/uname -p = unknown
/bin/uname -X     = unknown

/bin/arch              = unknown
/usr/bin/arch -k       = unknown
/usr/convex/getsysinfo = unknown
/usr/bin/hostinfo      = unknown
/bin/machine           = unknown
/usr/bin/oslevel       = unknown
/bin/universe          = unknown

PATH: /usr/local/sbin
PATH: /usr/local/bin
PATH: /usr/sbin
PATH: /usr/bin
PATH: /sbin
PATH: /bin
PATH: /usr/games
PATH: /opt/java/bin


## ----------- ##
## Core tests. ##
## ----------- ##

configure:2466: checking for a BSD-compatible install
configure:2534: result: /usr/bin/install -c
configure:2545: checking whether build environment is sane
configure:2595: result: yes
configure:2736: checking for a thread-safe mkdir -p
configure:2775: result: /bin/mkdir -p
configure:2788: checking for gawk
configure:2804: found /usr/bin/gawk
configure:2815: result: gawk
configure:2826: checking whether make sets $(MAKE)
configure:2848: result: yes
configure:3000: checking for g++
configure:3016: found /usr/bin/g++
configure:3027: result: g++
configure:3054: checking for C++ compiler version
configure:3063: g++ --version >&5
g++ (GCC) 4.1.3 20080704 (prerelease) (Ubuntu 4.1.2-27ubuntu1)
Copyright (C) 2006 Free Software Foundation, Inc.
This is free software; see the source for copying conditions.  There is NO
warranty; not even for MERCHANTABILITY or FITNESS FOR A PARTICULAR PURPOSE.

configure:3074: $? = 0
configure:3063: g++ -v >&5
Using built-in specs.
Target: i486-linux-gnu
Configured with: ../src/configure -v --enable-languages=c,c++ --prefix=/usr --enable-shared --with-system-zlib --libexecdir=/usr/lib --without-included-gettext --enable-threads=posix --enable-nls --with-gxx-include-dir=/usr/include/c++/4.1.3 --program-suffix=-4.1 --enable-__cxa_atexit --enable-clocale=gnu --enable-libstdcxx-debug --with-tune=generic --enable-checking=release i486-linux-gnu
Thread model: posix
gcc version 4.1.3 20080704 (prerelease) (Ubuntu 4.1.2-27ubuntu1)
configure:3074: $? = 0
configure:3063: g++ -V >&5
g++: '-V' option must have argument
configure:3074: $? = 1
configure:3063: g++ -qversion >&5
g++: unrecognized option '-qversion'
g++: no input files
configure:3074: $? = 1
configure:3094: checking whether the C++ compiler works
configure:3116: g++    conftest.cpp  >&5
configure:3120: $? = 0
configure:3169: result: yes
configure:3172: checking for C++ compiler default output file name
configure:3174: result: a.out
configure:3180: checking for suffix of executables
configure:3187: g++ -o conftest    conftest.cpp  >&5
configure:3191: $? = 0
configure:3213: result: 
configure:3235: checking whether we are cross compiling
configure:3243: g++ -o conftest    conftest.cpp  >&5
configure:3247: $? = 0
configure:3254: ./conftest
configure:3258: $? = 0
configure:3273: result: no
configure:3278: checking for suffix of object files
configure:3300: g++ -c   conftest.cpp >&5
configure:3304: $? = 0
configure:3325: result: o
configure:3329: checking whether we are using the GNU C++ compiler
configure:3348: g++ -c   conftest.cpp >&5
configure:3348: $? = 0
configure:3357: result: yes
configure:3366: checking whether g++ accepts -g
configure:3386: g++ -c -g  conftest.cpp >&5
configure:3386: $? = 0
configure:3427: result: yes
configure:3461: checking for style of include used by make
configure:3489: result: GNU
configure:3514: checking dependency style of g++
configure:3624: result: gcc3
configure:3668: checking build system type
configure:3682: result: i686-pc-linux-gnu
configure:3702: checking host system type
configure:3715: result: i686-pc-linux-gnu
configure:3783: checking for gcc
configure:3799: found /usr/bin/gcc
configure:3810: result: gcc
configure:4039: checking for C compiler version
configure:4048: gcc --version >&5
gcc (Ubuntu 4.3.4-10ubuntu1) 4.3.4
Copyright (C) 2008 Free Software Foundation, Inc.
This is free software; see the source for copying conditions.  There is NO
warranty; not even for MERCHANTABILITY or FITNESS FOR A PARTICULAR PURPOSE.

configure:4059: $? = 0
configure:4048: gcc -v >&5
Using built-in specs.
Target: i486-linux-gnu
Configured with: ../src/configure -v --with-pkgversion='Ubuntu 4.3.4-10ubuntu1' --with-bugurl=file:///usr/share/doc/gcc-4.3/README.Bugs --enable-languages=c,c++,fortran,objc,obj-c++ --prefix=/usr --enable-shared --enable-multiarch --enable-linker-build-id --with-system-zlib --libexecdir=/usr/lib --without-included-gettext --enable-threads=posix --enable-nls --with-gxx-include-dir=/usr/include/c++/4.3 --program-suffix=-4.3 --enable-clocale=gnu --enable-libstdcxx-debug --enable-objc-gc --enable-mpfr --enable-targets=all --with-tune=generic --enable-checking=release --build=i486-linux-gnu --host=i486-linux-gnu --target=i486-linux-gnu
Thread model: posix
gcc version 4.3.4 (Ubuntu 4.3.4-10ubuntu1) 
configure:4059: $? = 0
configure:4048: gcc -V >&5
gcc: '-V' option must have argument
configure:4059: $? = 1
configure:4048: gcc -qversion >&5
gcc: unrecognized option '-qversion'
gcc: no input files
configure:4059: $? = 1
configure:4063: checking whether we are using the GNU C compiler
configure:4082: gcc -c   conftest.c >&5
configure:4082: $? = 0
configure:4091: result: yes
configure:4100: checking whether gcc accepts -g
configure:4120: gcc -c -g  conftest.c >&5
configure:4120: $? = 0
configure:4161: result: yes
configure:4178: checking for gcc option to accept ISO C89
configure:4242: gcc  -c -g -O2  conftest.c >&5
configure:4242: $? = 0
configure:4255: result: none needed
configure:4277: checking dependency style of gcc
configure:4387: result: gcc3
configure:4402: checking for a sed that does not truncate output
configure:4466: result: /bin/sed
configure:4484: checking for grep that handles long lines and -e
configure:4542: result: /bin/grep
configure:4547: checking for egrep
configure:4609: result: /bin/grep -E
configure:4614: checking for fgrep
configure:4676: result: /bin/grep -F
configure:4711: checking for ld used by gcc
configure:4778: result: /usr/bin/ld
configure:4785: checking if the linker (/usr/bin/ld) is GNU ld
configure:4800: result: yes
configure:4812: checking for BSD- or MS-compatible name lister (nm)
configure:4861: result: /usr/bin/nm -B
configure:4979: checking the name lister (/usr/bin/nm -B) interface
configure:4986: g++ -c -g -O2  conftest.cpp >&5
configure:4989: /usr/bin/nm -B "conftest.o"
configure:4992: output
00000000 B some_variable
configure:4999: result: BSD nm
configure:5002: checking whether ln -s works
configure:5006: result: yes
configure:5014: checking the maximum length of command line arguments
configure:5134: result: 1572864
configure:5151: checking whether the shell understands some XSI constructs
configure:5161: result: yes
configure:5165: checking whether the shell understands "+="
configure:5171: result: yes
configure:5206: checking for /usr/bin/ld option to reload object files
configure:5213: result: -r
configure:5282: checking for objdump
configure:5298: found /usr/bin/objdump
configure:5309: result: objdump
configure:5341: checking how to recognize dependent libraries
configure:5537: result: pass_all
configure:5597: checking for ar
configure:5613: found /usr/bin/ar
configure:5624: result: ar
configure:5702: checking for strip
configure:5718: found /usr/bin/strip
configure:5729: result: strip
configure:5801: checking for ranlib
configure:5817: found /usr/bin/ranlib
configure:5828: result: ranlib
configure:5918: checking command to parse /usr/bin/nm -B output from gcc object
configure:6036: g++ -c -g -O2  conftest.cpp >&5
configure:6039: $? = 0
configure:6043: /usr/bin/nm -B conftest.o \| sed -n -e 's/^.*[	 ]\([ABCDGIRSTW][ABCDGIRSTW]*\)[	 ][	 ]*\([_A-Za-z][_A-Za-z0-9]*\)$/\1 \2 \2/p' \> conftest.nm
configure:6046: $? = 0
configure:6100: g++ -o conftest -g -O2   conftest.cpp conftstm.o >&5
configure:6103: $? = 0
configure:6141: result: ok
configure:6950: checking how to run the C preprocessor
configure:6981: gcc -E  conftest.c
configure:6981: $? = 0
configure:6995: gcc -E  conftest.c
conftest.c:11:28: error: ac_nonexistent.h: No such file or directory
configure:6995: $? = 1
configure: failed program was:
| /* confdefs.h */
| #define PACKAGE_NAME ""
| #define PACKAGE_TARNAME ""
| #define PACKAGE_VERSION ""
| #define PACKAGE_STRING ""
| #define PACKAGE_BUGREPORT ""
| #define PACKAGE_URL ""
| #define PACKAGE "NclGenerator"
| #define VERSION "0.1"
| /* end confdefs.h.  */
| #include <ac_nonexistent.h>
configure:7020: result: gcc -E
configure:7040: gcc -E  conftest.c
configure:7040: $? = 0
configure:7054: gcc -E  conftest.c
conftest.c:11:28: error: ac_nonexistent.h: No such file or directory
configure:7054: $? = 1
configure: failed program was:
| /* confdefs.h */
| #define PACKAGE_NAME ""
| #define PACKAGE_TARNAME ""
| #define PACKAGE_VERSION ""
| #define PACKAGE_STRING ""
| #define PACKAGE_BUGREPORT ""
| #define PACKAGE_URL ""
| #define PACKAGE "NclGenerator"
| #define VERSION "0.1"
| /* end confdefs.h.  */
| #include <ac_nonexistent.h>
configure:7083: checking for ANSI C header files
configure:7103: gcc -c -g -O2  conftest.c >&5
configure:7103: $? = 0
configure:7176: gcc -o conftest -g -O2   conftest.c  >&5
configure:7176: $? = 0
configure:7176: ./conftest
configure:7176: $? = 0
configure:7187: result: yes
configure:7200: checking for sys/types.h
configure:7200: gcc -c -g -O2  conftest.c >&5
configure:7200: $? = 0
configure:7200: result: yes
configure:7200: checking for sys/stat.h
configure:7200: gcc -c -g -O2  conftest.c >&5
configure:7200: $? = 0
configure:7200: result: yes
configure:7200: checking for stdlib.h
configure:7200: gcc -c -g -O2  conftest.c >&5
configure:7200: $? = 0
configure:7200: result: yes
configure:7200: checking for string.h
configure:7200: gcc -c -g -O2  conftest.c >&5
configure:7200: $? = 0
configure:7200: result: yes
configure:7200: checking for memory.h
configure:7200: gcc -c -g -O2  conftest.c >&5
configure:7200: $? = 0
configure:7200: result: yes
configure:7200: checking for strings.h
configure:7200: gcc -c -g -O2  conftest.c >&5
configure:7200: $? = 0
configure:7200: result: yes
configure:7200: checking for inttypes.h
configure:7200: gcc -c -g -O2  conftest.c >&5
configure:7200: $? = 0
configure:7200: result: yes
configure:7200: checking for stdint.h
configure:7200: gcc -c -g -O2  conftest.c >&5
configure:7200: $? = 0
configure:7200: result: yes
configure:7200: checking for unistd.h
configure:7200: gcc -c -g -O2  conftest.c >&5
configure:7200: $? = 0
configure:7200: result: yes
configure:7215: checking for dlfcn.h
configure:7215: gcc -c -g -O2  conftest.c >&5
configure:7215: $? = 0
configure:7215: result: yes
configure:7340: checking for C++ compiler version
configure:7349: g++ --version >&5
g++ (GCC) 4.1.3 20080704 (prerelease) (Ubuntu 4.1.2-27ubuntu1)
Copyright (C) 2006 Free Software Foundation, Inc.
This is free software; see the source for copying conditions.  There is NO
warranty; not even for MERCHANTABILITY or FITNESS FOR A PARTICULAR PURPOSE.

configure:7360: $? = 0
configure:7349: g++ -v >&5
Using built-in specs.
Target: i486-linux-gnu
Configured with: ../src/configure -v --enable-languages=c,c++ --prefix=/usr --enable-shared --with-system-zlib --libexecdir=/usr/lib --without-included-gettext --enable-threads=posix --enable-nls --with-gxx-include-dir=/usr/include/c++/4.1.3 --program-suffix=-4.1 --enable-__cxa_atexit --enable-clocale=gnu --enable-libstdcxx-debug --with-tune=generic --enable-checking=release i486-linux-gnu
Thread model: posix
gcc version 4.1.3 20080704 (prerelease) (Ubuntu 4.1.2-27ubuntu1)
configure:7360: $? = 0
configure:7349: g++ -V >&5
g++: '-V' option must have argument
configure:7360: $? = 1
configure:7349: g++ -qversion >&5
g++: unrecognized option '-qversion'
g++: no input files
configure:7360: $? = 1
configure:7364: checking whether we are using the GNU C++ compiler
configure:7392: result: yes
configure:7401: checking whether g++ accepts -g
configure:7462: result: yes
configure:7487: checking dependency style of g++
configure:7597: result: gcc3
configure:7620: checking how to run the C++ preprocessor
configure:7647: g++ -E  conftest.cpp
configure:7647: $? = 0
configure:7661: g++ -E  conftest.cpp
conftest.cpp:22:28: error: ac_nonexistent.h: No such file or directory
configure:7661: $? = 1
configure: failed program was:
| /* confdefs.h */
| #define PACKAGE_NAME ""
| #define PACKAGE_TARNAME ""
| #define PACKAGE_VERSION ""
| #define PACKAGE_STRING ""
| #define PACKAGE_BUGREPORT ""
| #define PACKAGE_URL ""
| #define PACKAGE "NclGenerator"
| #define VERSION "0.1"
| #define STDC_HEADERS 1
| #define HAVE_SYS_TYPES_H 1
| #define HAVE_SYS_STAT_H 1
| #define HAVE_STDLIB_H 1
| #define HAVE_STRING_H 1
| #define HAVE_MEMORY_H 1
| #define HAVE_STRINGS_H 1
| #define HAVE_INTTYPES_H 1
| #define HAVE_STDINT_H 1
| #define HAVE_UNISTD_H 1
| #define HAVE_DLFCN_H 1
| /* end confdefs.h.  */
| #include <ac_nonexistent.h>
configure:7686: result: g++ -E
configure:7706: g++ -E  conftest.cpp
configure:7706: $? = 0
configure:7720: g++ -E  conftest.cpp
conftest.cpp:22:28: error: ac_nonexistent.h: No such file or directory
configure:7720: $? = 1
configure: failed program was:
| /* confdefs.h */
| #define PACKAGE_NAME ""
| #define PACKAGE_TARNAME ""
| #define PACKAGE_VERSION ""
| #define PACKAGE_STRING ""
| #define PACKAGE_BUGREPORT ""
| #define PACKAGE_URL ""
| #define PACKAGE "NclGenerator"
| #define VERSION "0.1"
| #define STDC_HEADERS 1
| #define HAVE_SYS_TYPES_H 1
| #define HAVE_SYS_STAT_H 1
| #define HAVE_STDLIB_H 1
| #define HAVE_STRING_H 1
| #define HAVE_MEMORY_H 1
| #define HAVE_STRINGS_H 1
| #define HAVE_INTTYPES_H 1
| #define HAVE_STDINT_H 1
| #define HAVE_UNISTD_H 1
| #define HAVE_DLFCN_H 1
| /* end confdefs.h.  */
| #include <ac_nonexistent.h>
configure:7926: checking for objdir
configure:7941: result: .libs
configure:8233: checking if gcc supports -fno-rtti -fno-exceptions
configure:8251: gcc -c -g -O2  -fno-rtti -fno-exceptions conftest.c >&5
cc1: warning: command line option "-fno-rtti" is valid for C++/ObjC++ but not for C
configure:8255: $? = 0
configure:8268: result: no
configure:8288: checking for gcc option to produce PIC
configure:8560: result: -fPIC -DPIC
configure:8572: checking if gcc PIC flag -fPIC -DPIC works
configure:8590: gcc -c -g -O2  -fPIC -DPIC -DPIC conftest.c >&5
configure:8594: $? = 0
configure:8607: result: yes
configure:8631: checking if gcc static flag -static works
configure:8659: result: yes
configure:8674: checking if gcc supports -c -o file.o
configure:8695: gcc -c -g -O2  -o out/conftest2.o conftest.c >&5
configure:8699: $? = 0
configure:8721: result: yes
configure:8729: checking if gcc supports -c -o file.o
configure:8776: result: yes
configure:8809: checking whether the gcc linker (/usr/bin/ld) supports shared libraries
configure:9800: result: yes
configure:9837: checking whether -lc should be explicitly linked in
configure:9842: gcc -c -g -O2  conftest.c >&5
configure:9845: $? = 0
configure:9860: gcc -shared conftest.o  -v -Wl,-soname -Wl,conftest -o conftest 2\>\&1 \| /bin/grep  -lc  \>/dev/null 2\>\&1
configure:9863: $? = 0
configure:9875: result: no
configure:10039: checking dynamic linker characteristics
configure:10472: gcc -o conftest -g -O2   -Wl,-rpath -Wl,/foo conftest.c  >&5
configure:10472: $? = 0
configure:10702: result: GNU/Linux ld.so
configure:10804: checking how to hardcode library paths into programs
configure:10829: result: immediate
configure:11349: checking whether stripping libraries is possible
configure:11354: result: yes
configure:11389: checking if libtool supports shared libraries
configure:11391: result: yes
configure:11394: checking whether to build shared libraries
configure:11415: result: yes
configure:11418: checking whether to build static libraries
configure:11422: result: yes
configure:11572: checking for ld used by g++
configure:11639: result: /usr/bin/ld
configure:11646: checking if the linker (/usr/bin/ld) is GNU ld
configure:11661: result: yes
configure:11716: checking whether the g++ linker (/usr/bin/ld) supports shared libraries
configure:12629: result: yes
configure:12657: g++ -c -g -O2  conftest.cpp >&5
configure:12660: $? = 0
configure:12842: checking for g++ option to produce PIC
configure:13159: result: -fPIC -DPIC
configure:13168: checking if g++ PIC flag -fPIC -DPIC works
configure:13186: g++ -c -g -O2  -fPIC -DPIC -DPIC conftest.cpp >&5
configure:13190: $? = 0
configure:13203: result: yes
configure:13224: checking if g++ static flag -static works
configure:13252: result: yes
configure:13264: checking if g++ supports -c -o file.o
configure:13285: g++ -c -g -O2  -o out/conftest2.o conftest.cpp >&5
configure:13289: $? = 0
configure:13311: result: yes
configure:13316: checking if g++ supports -c -o file.o
configure:13363: result: yes
configure:13393: checking whether the g++ linker (/usr/bin/ld) supports shared libraries
configure:13422: result: yes
configure:13559: checking dynamic linker characteristics
configure:13940: g++ -o conftest -g -O2   -Wl,-rpath -Wl,/foo conftest.cpp  >&5
configure:13940: $? = 0
configure:14170: result: GNU/Linux ld.so
configure:14221: checking how to hardcode library paths into programs
configure:14246: result: immediate
configure:14330: checking util/functions.h usability
configure:14330: g++ -c -fPIC -g -O2 -I/usr/local/include/ginga/ -I/usr/local/include/ -I/usr/include/  conftest.cpp >&5
configure:14330: $? = 0
configure:14330: result: yes
configure:14330: checking util/functions.h presence
configure:14330: g++ -E -I/usr/local/include/ginga/ -I/usr/local/include/ -I/usr/include/  conftest.cpp
configure:14330: $? = 0
configure:14330: result: yes
configure:14330: checking for util/functions.h
configure:14330: result: yes
configure:14344: checking player/PlayerState.h usability
configure:14344: g++ -c -fPIC -g -O2 -I/usr/local/include/ginga/ -I/usr/local/include/ -I/usr/include/  conftest.cpp >&5
configure:14344: $? = 0
configure:14344: result: yes
configure:14344: checking player/PlayerState.h presence
configure:14344: g++ -E -I/usr/local/include/ginga/ -I/usr/local/include/ -I/usr/include/  conftest.cpp
configure:14344: $? = 0
configure:14344: result: yes
configure:14344: checking for player/PlayerState.h
configure:14344: result: yes
configure:14365: checking for main in -ltelemidiautil
configure:14384: g++ -o conftest -fPIC -g -O2 -I/usr/local/include/ginga/ -I/usr/local/include/ -I/usr/include/  -L/usr/local/lib/ginga/ -L/usr/local/lib/ -L/usr/lib/  conftest.cpp -ltelemidiautil   >&5
/usr/bin/ld: cannot find -ltelemidiautil
collect2: ld returned 1 exit status
configure:14384: $? = 1
configure: failed program was:
| /* confdefs.h */
| #define PACKAGE_NAME ""
| #define PACKAGE_TARNAME ""
| #define PACKAGE_VERSION ""
| #define PACKAGE_STRING ""
| #define PACKAGE_BUGREPORT ""
| #define PACKAGE_URL ""
| #define PACKAGE "NclGenerator"
| #define VERSION "0.1"
| #define STDC_HEADERS 1
| #define HAVE_SYS_TYPES_H 1
| #define HAVE_SYS_STAT_H 1
| #define HAVE_STDLIB_H 1
| #define HAVE_STRING_H 1
| #define HAVE_MEMORY_H 1
| #define HAVE_STRINGS_H 1
| #define HAVE_INTTYPES_H 1
| #define HAVE_STDINT_H 1
| #define HAVE_UNISTD_H 1
| #define HAVE_DLFCN_H 1
| #define LT_OBJDIR ".libs/"
| /* end confdefs.h.  */
| 
| 
| int
| main ()
| {
| return main ();
|   ;
|   return 0;
| }
configure:14393: result: no
configure:14408: error: 

Couldn't find TeleMidia Util library.
Please install TeleMidia Util.



## ---------------- ##
## Cache variables. ##
## ---------------- ##

ac_cv_build=i686-pc-linux-gnu
ac_cv_c_compiler_gnu=yes
ac_cv_cxx_compiler_gnu=yes
ac_cv_env_CCC_set=
ac_cv_env_CCC_value=
ac_cv_env_CC_set=
ac_cv_env_CC_value=
ac_cv_env_CFLAGS_set=
ac_cv_env_CFLAGS_value=
ac_cv_env_CPPFLAGS_set=
ac_cv_env_CPPFLAGS_value=
ac_cv_env_CPP_set=
ac_cv_env_CPP_value=
ac_cv_env_CXXCPP_set=
ac_cv_env_CXXCPP_value=
ac_cv_env_CXXFLAGS_set=
ac_cv_env_CXXFLAGS_value=
ac_cv_env_CXX_set=
ac_cv_env_CXX_value=
ac_cv_env_LDFLAGS_set=
ac_cv_env_LDFLAGS_value=
ac_cv_env_LIBS_set=
ac_cv_env_LIBS_value=
ac_cv_env_build_alias_set=
ac_cv_env_build_alias_value=
ac_cv_env_host_alias_set=
ac_cv_env_host_alias_value=
ac_cv_env_target_alias_set=
ac_cv_env_target_alias_value=
ac_cv_header_dlfcn_h=yes
ac_cv_header_inttypes_h=yes
ac_cv_header_memory_h=yes
ac_cv_header_player_PlayerState_h=yes
ac_cv_header_stdc=yes
ac_cv_header_stdint_h=yes
ac_cv_header_stdlib_h=yes
ac_cv_header_string_h=yes
ac_cv_header_strings_h=yes
ac_cv_header_sys_stat_h=yes
ac_cv_header_sys_types_h=yes
ac_cv_header_unistd_h=yes
ac_cv_header_util_functions_h=yes
ac_cv_host=i686-pc-linux-gnu
ac_cv_lib_telemidiautil_main=no
ac_cv_objext=o
ac_cv_path_EGREP='/bin/grep -E'
ac_cv_path_FGREP='/bin/grep -F'
ac_cv_path_GREP=/bin/grep
ac_cv_path_SED=/bin/sed
ac_cv_path_install='/usr/bin/install -c'
ac_cv_path_mkdir=/bin/mkdir
ac_cv_prog_AWK=gawk
ac_cv_prog_CPP='gcc -E'
ac_cv_prog_CXXCPP='g++ -E'
ac_cv_prog_ac_ct_AR=ar
ac_cv_prog_ac_ct_CC=gcc
ac_cv_prog_ac_ct_CXX=g++
ac_cv_prog_ac_ct_OBJDUMP=objdump
ac_cv_prog_ac_ct_RANLIB=ranlib
ac_cv_prog_ac_ct_STRIP=strip
ac_cv_prog_cc_c89=
ac_cv_prog_cc_g=yes
ac_cv_prog_cxx_g=yes
ac_cv_prog_make_make_set=yes
am_cv_CC_dependencies_compiler_type=gcc3
am_cv_CXX_dependencies_compiler_type=gcc3
lt_cv_deplibs_check_method=pass_all
lt_cv_file_magic_cmd='$MAGIC_CMD'
lt_cv_file_magic_test_file=
lt_cv_ld_reload_flag=-r
lt_cv_nm_interface='BSD nm'
lt_cv_objdir=.libs
lt_cv_path_LD=/usr/bin/ld
lt_cv_path_LDCXX=/usr/bin/ld
lt_cv_path_NM='/usr/bin/nm -B'
lt_cv_prog_compiler_c_o=yes
lt_cv_prog_compiler_c_o_CXX=yes
lt_cv_prog_compiler_pic_works=yes
lt_cv_prog_compiler_pic_works_CXX=yes
lt_cv_prog_compiler_rtti_exceptions=no
lt_cv_prog_compiler_static_works=yes
lt_cv_prog_compiler_static_works_CXX=yes
lt_cv_prog_gnu_ld=yes
lt_cv_prog_gnu_ldcxx=yes
lt_cv_sys_global_symbol_pipe='sed -n -e '\''s/^.*[	 ]\([ABCDGIRSTW][ABCDGIRSTW]*\)[	 ][	 ]*\([_A-Za-z][_A-Za-z0-9]*\)$/\1 \2 \2/p'\'''
lt_cv_sys_global_symbol_to_c_name_address='sed -n -e '\''s/^: \([^ ]*\) $/  {\"\1\", (void *) 0},/p'\'' -e '\''s/^[ABCDGIRSTW]* \([^ ]*\) \([^ ]*\)$/  {"\2", (void *) \&\2},/p'\'''
lt_cv_sys_global_symbol_to_c_name_address_lib_prefix='sed -n -e '\''s/^: \([^ ]*\) $/  {\"\1\", (void *) 0},/p'\'' -e '\''s/^[ABCDGIRSTW]* \([^ ]*\) \(lib[^ ]*\)$/  {"\2", (void *) \&\2},/p'\'' -e '\''s/^[ABCDGIRSTW]* \([^ ]*\) \([^ ]*\)$/  {"lib\2", (void *) \&\2},/p'\'''
lt_cv_sys_global_symbol_to_cdecl='sed -n -e '\''s/^T .* \(.*\)$/extern int \1();/p'\'' -e '\''s/^[ABCDGIRSTW]* .* \(.*\)$/extern char \1;/p'\'''
lt_cv_sys_max_cmd_len=1572864

## ----------------- ##
## Output variables. ##
## ----------------- ##

ACLOCAL='${SHELL} /home/caioviel/workspace/wac-state-cpp/missing --run aclocal-1.11'
AMDEPBACKSLASH='\'
AMDEP_FALSE='#'
AMDEP_TRUE=''
AMTAR='${SHELL} /home/caioviel/workspace/wac-state-cpp/missing --run tar'
AR='ar'
AUTOCONF='${SHELL} /home/caioviel/workspace/wac-state-cpp/missing --run autoconf'
AUTOHEADER='${SHELL} /home/caioviel/workspace/wac-state-cpp/missing --run autoheader'
AUTOMAKE='${SHELL} /home/caioviel/workspace/wac-state-cpp/missing --run automake-1.11'
AWK='gawk'
CC='gcc'
CCDEPMODE='depmode=gcc3'
CFLAGS='-fPIC -g -O2'
CPP='gcc -E'
CPPFLAGS='-I/usr/local/include/ginga/ -I/usr/local/include/ -I/usr/include/ '
CXX='g++'
CXXCPP='g++ -E'
CXXDEPMODE='depmode=gcc3'
CXXFLAGS='-fPIC -g -O2'
CYGPATH_W='echo'
DEFS=''
DEPDIR='.deps'
DSYMUTIL=''
DUMPBIN=''
ECHO_C=''
ECHO_N='-n'
ECHO_T=''
EGREP='/bin/grep -E'
EXEEXT=''
FGREP='/bin/grep -F'
GREP='/bin/grep'
INSTALL_DATA='${INSTALL} -m 644'
INSTALL_PROGRAM='${INSTALL}'
INSTALL_SCRIPT='${INSTALL}'
INSTALL_STRIP_PROGRAM='$(install_sh) -c -s'
LD='/usr/bin/ld'
LDFLAGS='-L/usr/local/lib/ginga/ -L/usr/local/lib/ -L/usr/lib/ '
LIBOBJS=''
LIBS=''
LIBTOOL='$(SHELL) $(top_builddir)/libtool'
LIPO=''
LN_S='ln -s'
LTLIBOBJS=''
MAKEINFO='${SHELL} /home/caioviel/workspace/wac-state-cpp/missing --run makeinfo'
MKDIR_P='/bin/mkdir -p'
NM='/usr/bin/nm -B'
NMEDIT=''
OBJDUMP='objdump'
OBJEXT='o'
OTOOL64=''
OTOOL=''
PACKAGE='NclGenerator'
PACKAGE_BUGREPORT=''
PACKAGE_NAME=''
PACKAGE_STRING=''
PACKAGE_TARNAME=''
PACKAGE_URL=''
PACKAGE_VERSION=''
PATH_SEPARATOR=':'
RANLIB='ranlib'
SED='/bin/sed'
SET_MAKE=''
SHELL='/bin/bash'
STRIP='strip'
VERSION='0.1'
ac_ct_CC='gcc'
ac_ct_CXX='g++'
ac_ct_DUMPBIN=''
am__EXEEXT_FALSE=''
am__EXEEXT_TRUE=''
am__fastdepCC_FALSE='#'
am__fastdepCC_TRUE=''
am__fastdepCXX_FALSE='#'
am__fastdepCXX_TRUE=''
am__include='include'
am__isrc=''
am__leading_dot='.'
am__quote=''
am__tar='${AMTAR} chof - "$$tardir"'
am__untar='${AMTAR} xf -'
bindir='${exec_prefix}/bin'
build='i686-pc-linux-gnu'
build_alias=''
build_cpu='i686'
build_os='linux-gnu'
build_vendor='pc'
datadir='${datarootdir}'
datarootdir='${prefix}/share'
docdir='${datarootdir}/doc/${PACKAGE}'
dvidir='${docdir}'
exec_prefix='NONE'
host='i686-pc-linux-gnu'
host_alias=''
host_cpu='i686'
host_os='linux-gnu'
host_vendor='pc'
htmldir='${docdir}'
includedir='${prefix}/include'
infodir='${datarootdir}/info'
install_sh='${SHELL} /home/caioviel/workspace/wac-state-cpp/install-sh'
libdir='${exec_prefix}/lib'
libexecdir='${exec_prefix}/libexec'
localedir='${datarootdir}/locale'
localstatedir='${prefix}/var'
lt_ECHO='echo'
mandir='${datarootdir}/man'
mkdir_p='/bin/mkdir -p'
oldincludedir='/usr/include'
pdfdir='${docdir}'
prefix='NONE'
program_transform_name='s,x,x,'
psdir='${docdir}'
sbindir='${exec_prefix}/sbin'
sharedstatedir='${prefix}/com'
sysconfdir='${prefix}/etc'
target_alias=''

## ----------- ##
## confdefs.h. ##
## ----------- ##

/* confdefs.h */
#define PACKAGE_NAME ""
#define PACKAGE_TARNAME ""
#define PACKAGE_VERSION ""
#define PACKAGE_STRING ""
#define PACKAGE_BUGREPORT ""
#define PACKAGE_URL ""
#define PACKAGE "NclGenerator"
#define VERSION "0.1"
#define STDC_HEADERS 1
#define HAVE_SYS_TYPES_H 1
#define HAVE_SYS_STAT_H 1
#define HAVE_STDLIB_H 1
#define HAVE_STRING_H 1
#define HAVE_MEMORY_H 1
#define HAVE_STRINGS_H 1
#define HAVE_INTTYPES_H 1
#define HAVE_STDINT_H 1
#define HAVE_UNISTD_H 1
#define HAVE_DLFCN_H 1
#define LT_OBJDIR ".libs/"

configure: exit 1
